{"/home/oksana/Documents/GitHub/NODE/HW4/nodejs-homework-template/app.js": {"path":"/home/oksana/Documents/GitHub/NODE/HW4/nodejs-homework-template/app.js","statementMap":{"0":{"start":{"line":1,"column":16},"end":{"line":1,"column":34}},"1":{"start":{"line":2,"column":15},"end":{"line":2,"column":32}},"2":{"start":{"line":3,"column":13},"end":{"line":3,"column":28}},"3":{"start":{"line":4,"column":15},"end":{"line":4,"column":32}},"4":{"start":{"line":5,"column":19},"end":{"line":5,"column":51}},"5":{"start":{"line":6,"column":18},"end":{"line":6,"column":47}},"6":{"start":{"line":8,"column":19},"end":{"line":8,"column":47}},"7":{"start":{"line":9,"column":20},"end":{"line":9,"column":45}},"8":{"start":{"line":11,"column":12},"end":{"line":11,"column":21}},"9":{"start":{"line":13,"column":22},"end":{"line":13,"column":72}},"10":{"start":{"line":15,"column":0},"end":{"line":15,"column":17}},"11":{"start":{"line":16,"column":0},"end":{"line":16,"column":59}},"12":{"start":{"line":17,"column":0},"end":{"line":17,"column":33}},"13":{"start":{"line":19,"column":16},"end":{"line":29,"column":2}},"14":{"start":{"line":23,"column":4},"end":{"line":27,"column":6}},"15":{"start":{"line":31,"column":0},"end":{"line":31,"column":16}},"16":{"start":{"line":32,"column":0},"end":{"line":39,"column":1}},"17":{"start":{"line":40,"column":0},"end":{"line":40,"column":23}},"18":{"start":{"line":41,"column":0},"end":{"line":41,"column":21}},"19":{"start":{"line":43,"column":0},"end":{"line":43,"column":34}},"20":{"start":{"line":44,"column":0},"end":{"line":44,"column":36}},"21":{"start":{"line":46,"column":0},"end":{"line":52,"column":2}},"22":{"start":{"line":47,"column":2},"end":{"line":51,"column":4}},"23":{"start":{"line":54,"column":0},"end":{"line":61,"column":2}},"24":{"start":{"line":55,"column":17},"end":{"line":55,"column":34}},"25":{"start":{"line":56,"column":2},"end":{"line":60,"column":4}},"26":{"start":{"line":63,"column":0},"end":{"line":63,"column":20}}},"fnMap":{"0":{"name":"(anonymous_0)","decl":{"start":{"line":22,"column":11},"end":{"line":22,"column":12}},"loc":{"start":{"line":22,"column":31},"end":{"line":28,"column":3}},"line":22},"1":{"name":"(anonymous_1)","decl":{"start":{"line":46,"column":8},"end":{"line":46,"column":9}},"loc":{"start":{"line":46,"column":24},"end":{"line":52,"column":1}},"line":46},"2":{"name":"(anonymous_2)","decl":{"start":{"line":54,"column":8},"end":{"line":54,"column":9}},"loc":{"start":{"line":54,"column":33},"end":{"line":61,"column":1}},"line":54}},"branchMap":{"0":{"loc":{"start":{"line":13,"column":22},"end":{"line":13,"column":72}},"type":"cond-expr","locations":[{"start":{"line":13,"column":57},"end":{"line":13,"column":62}},{"start":{"line":13,"column":65},"end":{"line":13,"column":72}}],"line":13},"1":{"loc":{"start":{"line":16,"column":0},"end":{"line":16,"column":59}},"type":"binary-expr","locations":[{"start":{"line":16,"column":0},"end":{"line":16,"column":25}},{"start":{"line":16,"column":29},"end":{"line":16,"column":59}}],"line":16},"2":{"loc":{"start":{"line":55,"column":17},"end":{"line":55,"column":34}},"type":"binary-expr","locations":[{"start":{"line":55,"column":17},"end":{"line":55,"column":27}},{"start":{"line":55,"column":31},"end":{"line":55,"column":34}}],"line":55},"3":{"loc":{"start":{"line":57,"column":12},"end":{"line":57,"column":45}},"type":"cond-expr","locations":[{"start":{"line":57,"column":29},"end":{"line":57,"column":35}},{"start":{"line":57,"column":38},"end":{"line":57,"column":45}}],"line":57}},"s":{"0":1,"1":1,"2":1,"3":1,"4":1,"5":1,"6":1,"7":1,"8":1,"9":1,"10":1,"11":1,"12":1,"13":1,"14":0,"15":1,"16":1,"17":1,"18":1,"19":1,"20":1,"21":1,"22":0,"23":1,"24":0,"25":0,"26":1},"f":{"0":0,"1":0,"2":0},"b":{"0":[0,1],"1":[1,0],"2":[0,0],"3":[0,0]},"_coverageSchema":"1a1c01bbd47fc00a2c39e90264f33305004495a9","hash":"2bc76b0e1833f4f04cc4d9efb184ec9eb17c8c36"}
,"/home/oksana/Documents/GitHub/NODE/HW4/nodejs-homework-template/config/passport.js": {"path":"/home/oksana/Documents/GitHub/NODE/HW4/nodejs-homework-template/config/passport.js","statementMap":{"0":{"start":{"line":1,"column":17},"end":{"line":1,"column":36}},"1":{"start":{"line":2,"column":33},"end":{"line":2,"column":56}},"2":{"start":{"line":3,"column":14},"end":{"line":3,"column":39}},"3":{"start":{"line":5,"column":0},"end":{"line":5,"column":26}},"4":{"start":{"line":6,"column":23},"end":{"line":6,"column":49}},"5":{"start":{"line":8,"column":13},"end":{"line":11,"column":1}},"6":{"start":{"line":13,"column":0},"end":{"line":29,"column":1}},"7":{"start":{"line":15,"column":4},"end":{"line":27,"column":5}},"8":{"start":{"line":16,"column":19},"end":{"line":16,"column":51}},"9":{"start":{"line":18,"column":6},"end":{"line":20,"column":7}},"10":{"start":{"line":19,"column":8},"end":{"line":19,"column":55}},"11":{"start":{"line":21,"column":6},"end":{"line":23,"column":7}},"12":{"start":{"line":22,"column":8},"end":{"line":22,"column":32}},"13":{"start":{"line":24,"column":6},"end":{"line":24,"column":29}},"14":{"start":{"line":26,"column":6},"end":{"line":26,"column":29}}},"fnMap":{"0":{"name":"(anonymous_0)","decl":{"start":{"line":14,"column":21},"end":{"line":14,"column":22}},"loc":{"start":{"line":14,"column":46},"end":{"line":28,"column":3}},"line":14}},"branchMap":{"0":{"loc":{"start":{"line":18,"column":6},"end":{"line":20,"column":7}},"type":"if","locations":[{"start":{"line":18,"column":6},"end":{"line":20,"column":7}},{"start":{"line":18,"column":6},"end":{"line":20,"column":7}}],"line":18},"1":{"loc":{"start":{"line":21,"column":6},"end":{"line":23,"column":7}},"type":"if","locations":[{"start":{"line":21,"column":6},"end":{"line":23,"column":7}},{"start":{"line":21,"column":6},"end":{"line":23,"column":7}}],"line":21}},"s":{"0":2,"1":2,"2":2,"3":2,"4":2,"5":2,"6":2,"7":0,"8":0,"9":0,"10":0,"11":0,"12":0,"13":0,"14":0},"f":{"0":0},"b":{"0":[0,0],"1":[0,0]},"_coverageSchema":"1a1c01bbd47fc00a2c39e90264f33305004495a9","hash":"23fdebc6da4528e3b7f92a71086d1c5d5bce2efb"}
,"/home/oksana/Documents/GitHub/NODE/HW4/nodejs-homework-template/controllers/contacts.js": {"path":"/home/oksana/Documents/GitHub/NODE/HW4/nodejs-homework-template/controllers/contacts.js","statementMap":{"0":{"start":{"line":1,"column":17},"end":{"line":1,"column":45}},"1":{"start":{"line":3,"column":15},"end":{"line":17,"column":1}},"2":{"start":{"line":4,"column":2},"end":{"line":16,"column":3}},"3":{"start":{"line":5,"column":19},"end":{"line":5,"column":31}},"4":{"start":{"line":6,"column":21},"end":{"line":6,"column":67}},"5":{"start":{"line":7,"column":4},"end":{"line":13,"column":6}},"6":{"start":{"line":15,"column":4},"end":{"line":15,"column":11}},"7":{"start":{"line":19,"column":16},"end":{"line":44,"column":1}},"8":{"start":{"line":20,"column":24},"end":{"line":20,"column":34}},"9":{"start":{"line":21,"column":2},"end":{"line":43,"column":3}},"10":{"start":{"line":22,"column":19},"end":{"line":22,"column":31}},"11":{"start":{"line":23,"column":20},"end":{"line":23,"column":68}},"12":{"start":{"line":24,"column":4},"end":{"line":24,"column":24}},"13":{"start":{"line":25,"column":4},"end":{"line":40,"column":5}},"14":{"start":{"line":26,"column":6},"end":{"line":32,"column":8}},"15":{"start":{"line":34,"column":6},"end":{"line":39,"column":8}},"16":{"start":{"line":42,"column":4},"end":{"line":42,"column":11}},"17":{"start":{"line":46,"column":15},"end":{"line":60,"column":1}},"18":{"start":{"line":47,"column":2},"end":{"line":59,"column":3}},"19":{"start":{"line":48,"column":19},"end":{"line":48,"column":31}},"20":{"start":{"line":49,"column":20},"end":{"line":49,"column":63}},"21":{"start":{"line":50,"column":4},"end":{"line":56,"column":6}},"22":{"start":{"line":58,"column":4},"end":{"line":58,"column":11}},"23":{"start":{"line":62,"column":15},"end":{"line":86,"column":1}},"24":{"start":{"line":63,"column":24},"end":{"line":63,"column":34}},"25":{"start":{"line":64,"column":2},"end":{"line":85,"column":3}},"26":{"start":{"line":65,"column":19},"end":{"line":65,"column":31}},"27":{"start":{"line":66,"column":20},"end":{"line":66,"column":77}},"28":{"start":{"line":67,"column":4},"end":{"line":82,"column":5}},"29":{"start":{"line":68,"column":6},"end":{"line":74,"column":8}},"30":{"start":{"line":76,"column":6},"end":{"line":81,"column":8}},"31":{"start":{"line":84,"column":4},"end":{"line":84,"column":11}},"32":{"start":{"line":88,"column":15},"end":{"line":112,"column":1}},"33":{"start":{"line":89,"column":22},"end":{"line":89,"column":32}},"34":{"start":{"line":90,"column":2},"end":{"line":111,"column":3}},"35":{"start":{"line":91,"column":19},"end":{"line":91,"column":31}},"36":{"start":{"line":92,"column":20},"end":{"line":92,"column":67}},"37":{"start":{"line":93,"column":4},"end":{"line":108,"column":5}},"38":{"start":{"line":94,"column":6},"end":{"line":100,"column":8}},"39":{"start":{"line":102,"column":6},"end":{"line":107,"column":8}},"40":{"start":{"line":110,"column":4},"end":{"line":110,"column":11}},"41":{"start":{"line":114,"column":21},"end":{"line":138,"column":1}},"42":{"start":{"line":115,"column":24},"end":{"line":115,"column":34}},"43":{"start":{"line":116,"column":2},"end":{"line":137,"column":3}},"44":{"start":{"line":117,"column":19},"end":{"line":117,"column":31}},"45":{"start":{"line":118,"column":20},"end":{"line":118,"column":77}},"46":{"start":{"line":119,"column":4},"end":{"line":134,"column":5}},"47":{"start":{"line":120,"column":6},"end":{"line":126,"column":8}},"48":{"start":{"line":128,"column":6},"end":{"line":133,"column":8}},"49":{"start":{"line":136,"column":4},"end":{"line":136,"column":11}},"50":{"start":{"line":141,"column":15},"end":{"line":149,"column":1}},"51":{"start":{"line":142,"column":2},"end":{"line":148,"column":4}},"52":{"start":{"line":151,"column":21},"end":{"line":159,"column":1}},"53":{"start":{"line":152,"column":2},"end":{"line":158,"column":4}},"54":{"start":{"line":162,"column":0},"end":{"line":171,"column":1}}},"fnMap":{"0":{"name":"(anonymous_0)","decl":{"start":{"line":3,"column":15},"end":{"line":3,"column":16}},"loc":{"start":{"line":3,"column":41},"end":{"line":17,"column":1}},"line":3},"1":{"name":"(anonymous_1)","decl":{"start":{"line":19,"column":16},"end":{"line":19,"column":17}},"loc":{"start":{"line":19,"column":42},"end":{"line":44,"column":1}},"line":19},"2":{"name":"(anonymous_2)","decl":{"start":{"line":46,"column":15},"end":{"line":46,"column":16}},"loc":{"start":{"line":46,"column":41},"end":{"line":60,"column":1}},"line":46},"3":{"name":"(anonymous_3)","decl":{"start":{"line":62,"column":15},"end":{"line":62,"column":16}},"loc":{"start":{"line":62,"column":41},"end":{"line":86,"column":1}},"line":62},"4":{"name":"(anonymous_4)","decl":{"start":{"line":88,"column":15},"end":{"line":88,"column":16}},"loc":{"start":{"line":88,"column":41},"end":{"line":112,"column":1}},"line":88},"5":{"name":"(anonymous_5)","decl":{"start":{"line":114,"column":21},"end":{"line":114,"column":22}},"loc":{"start":{"line":114,"column":47},"end":{"line":138,"column":1}},"line":114},"6":{"name":"(anonymous_6)","decl":{"start":{"line":141,"column":15},"end":{"line":141,"column":16}},"loc":{"start":{"line":141,"column":41},"end":{"line":149,"column":1}},"line":141},"7":{"name":"(anonymous_7)","decl":{"start":{"line":151,"column":21},"end":{"line":151,"column":22}},"loc":{"start":{"line":151,"column":47},"end":{"line":159,"column":1}},"line":151}},"branchMap":{"0":{"loc":{"start":{"line":25,"column":4},"end":{"line":40,"column":5}},"type":"if","locations":[{"start":{"line":25,"column":4},"end":{"line":40,"column":5}},{"start":{"line":25,"column":4},"end":{"line":40,"column":5}}],"line":25},"1":{"loc":{"start":{"line":67,"column":4},"end":{"line":82,"column":5}},"type":"if","locations":[{"start":{"line":67,"column":4},"end":{"line":82,"column":5}},{"start":{"line":67,"column":4},"end":{"line":82,"column":5}}],"line":67},"2":{"loc":{"start":{"line":93,"column":4},"end":{"line":108,"column":5}},"type":"if","locations":[{"start":{"line":93,"column":4},"end":{"line":108,"column":5}},{"start":{"line":93,"column":4},"end":{"line":108,"column":5}}],"line":93},"3":{"loc":{"start":{"line":119,"column":4},"end":{"line":134,"column":5}},"type":"if","locations":[{"start":{"line":119,"column":4},"end":{"line":134,"column":5}},{"start":{"line":119,"column":4},"end":{"line":134,"column":5}}],"line":119}},"s":{"0":1,"1":1,"2":0,"3":0,"4":0,"5":0,"6":0,"7":1,"8":0,"9":0,"10":0,"11":0,"12":0,"13":0,"14":0,"15":0,"16":0,"17":1,"18":0,"19":0,"20":0,"21":0,"22":0,"23":1,"24":0,"25":0,"26":0,"27":0,"28":0,"29":0,"30":0,"31":0,"32":1,"33":0,"34":0,"35":0,"36":0,"37":0,"38":0,"39":0,"40":0,"41":1,"42":0,"43":0,"44":0,"45":0,"46":0,"47":0,"48":0,"49":0,"50":1,"51":0,"52":1,"53":0,"54":1},"f":{"0":0,"1":0,"2":0,"3":0,"4":0,"5":0,"6":0,"7":0},"b":{"0":[0,0],"1":[0,0],"2":[0,0],"3":[0,0]},"_coverageSchema":"1a1c01bbd47fc00a2c39e90264f33305004495a9","hash":"5162efd4096e2266d9f32918bef0a5a661c62aeb"}
,"/home/oksana/Documents/GitHub/NODE/HW4/nodejs-homework-template/controllers/users.js": {"path":"/home/oksana/Documents/GitHub/NODE/HW4/nodejs-homework-template/controllers/users.js","statementMap":{"0":{"start":{"line":1,"column":12},"end":{"line":1,"column":35}},"1":{"start":{"line":2,"column":13},"end":{"line":2,"column":28}},"2":{"start":{"line":3,"column":11},"end":{"line":3,"column":33}},"3":{"start":{"line":4,"column":13},"end":{"line":4,"column":28}},"4":{"start":{"line":5,"column":19},"end":{"line":5,"column":43}},"5":{"start":{"line":7,"column":14},"end":{"line":7,"column":39}},"6":{"start":{"line":8,"column":21},"end":{"line":8,"column":51}},"7":{"start":{"line":10,"column":0},"end":{"line":10,"column":26}},"8":{"start":{"line":12,"column":23},"end":{"line":12,"column":49}},"9":{"start":{"line":22,"column":12},"end":{"line":48,"column":1}},"10":{"start":{"line":23,"column":20},"end":{"line":23,"column":28}},"11":{"start":{"line":24,"column":15},"end":{"line":24,"column":45}},"12":{"start":{"line":25,"column":2},"end":{"line":31,"column":3}},"13":{"start":{"line":26,"column":4},"end":{"line":30,"column":6}},"14":{"start":{"line":32,"column":2},"end":{"line":47,"column":3}},"15":{"start":{"line":33,"column":20},"end":{"line":33,"column":48}},"16":{"start":{"line":34,"column":4},"end":{"line":44,"column":6}},"17":{"start":{"line":46,"column":4},"end":{"line":46,"column":11}},"18":{"start":{"line":50,"column":14},"end":{"line":76,"column":1}},"19":{"start":{"line":51,"column":30},"end":{"line":51,"column":38}},"20":{"start":{"line":52,"column":15},"end":{"line":52,"column":45}},"21":{"start":{"line":53,"column":26},"end":{"line":53,"column":61}},"22":{"start":{"line":55,"column":2},"end":{"line":61,"column":3}},"23":{"start":{"line":56,"column":4},"end":{"line":60,"column":6}},"24":{"start":{"line":62,"column":18},"end":{"line":62,"column":33}},"25":{"start":{"line":63,"column":16},"end":{"line":63,"column":70}},"26":{"start":{"line":64,"column":2},"end":{"line":64,"column":41}},"27":{"start":{"line":66,"column":2},"end":{"line":75,"column":4}},"28":{"start":{"line":78,"column":15},"end":{"line":82,"column":1}},"29":{"start":{"line":79,"column":13},"end":{"line":79,"column":24}},"30":{"start":{"line":80,"column":2},"end":{"line":80,"column":35}},"31":{"start":{"line":81,"column":2},"end":{"line":81,"column":49}},"32":{"start":{"line":84,"column":16},"end":{"line":108,"column":1}},"33":{"start":{"line":85,"column":13},"end":{"line":85,"column":24}},"34":{"start":{"line":86,"column":2},"end":{"line":107,"column":3}},"35":{"start":{"line":87,"column":19},"end":{"line":87,"column":46}},"36":{"start":{"line":88,"column":6},"end":{"line":104,"column":7}},"37":{"start":{"line":89,"column":6},"end":{"line":96,"column":8}},"38":{"start":{"line":98,"column":10},"end":{"line":103,"column":12}},"39":{"start":{"line":106,"column":6},"end":{"line":106,"column":13}},"40":{"start":{"line":110,"column":21},"end":{"line":119,"column":1}},"41":{"start":{"line":111,"column":17},"end":{"line":111,"column":25}},"42":{"start":{"line":112,"column":20},"end":{"line":112,"column":45}},"43":{"start":{"line":113,"column":2},"end":{"line":113,"column":41}},"44":{"start":{"line":116,"column":2},"end":{"line":118,"column":72}},"45":{"start":{"line":121,"column":23},"end":{"line":145,"column":1}},"46":{"start":{"line":122,"column":25},"end":{"line":122,"column":51}},"47":{"start":{"line":124,"column":19},"end":{"line":124,"column":32}},"48":{"start":{"line":125,"column":24},"end":{"line":125,"column":75}},"49":{"start":{"line":126,"column":14},"end":{"line":126,"column":39}},"50":{"start":{"line":127,"column":2},"end":{"line":130,"column":25}},"51":{"start":{"line":131,"column":2},"end":{"line":138,"column":3}},"52":{"start":{"line":132,"column":4},"end":{"line":135,"column":5}},"53":{"start":{"line":137,"column":4},"end":{"line":137,"column":26}},"54":{"start":{"line":139,"column":20},"end":{"line":139,"column":35}},"55":{"start":{"line":140,"column":2},"end":{"line":140,"column":24}},"56":{"start":{"line":141,"column":2},"end":{"line":143,"column":3}},"57":{"start":{"line":142,"column":4},"end":{"line":142,"column":66}},"58":{"start":{"line":144,"column":2},"end":{"line":144,"column":68}},"59":{"start":{"line":162,"column":0},"end":{"line":168,"column":1}}},"fnMap":{"0":{"name":"(anonymous_0)","decl":{"start":{"line":22,"column":12},"end":{"line":22,"column":13}},"loc":{"start":{"line":22,"column":38},"end":{"line":48,"column":1}},"line":22},"1":{"name":"(anonymous_1)","decl":{"start":{"line":50,"column":14},"end":{"line":50,"column":15}},"loc":{"start":{"line":50,"column":40},"end":{"line":76,"column":1}},"line":50},"2":{"name":"(anonymous_2)","decl":{"start":{"line":78,"column":15},"end":{"line":78,"column":16}},"loc":{"start":{"line":78,"column":41},"end":{"line":82,"column":1}},"line":78},"3":{"name":"(anonymous_3)","decl":{"start":{"line":84,"column":16},"end":{"line":84,"column":17}},"loc":{"start":{"line":84,"column":42},"end":{"line":108,"column":1}},"line":84},"4":{"name":"(anonymous_4)","decl":{"start":{"line":110,"column":21},"end":{"line":110,"column":22}},"loc":{"start":{"line":110,"column":47},"end":{"line":119,"column":1}},"line":110},"5":{"name":"(anonymous_5)","decl":{"start":{"line":121,"column":23},"end":{"line":121,"column":24}},"loc":{"start":{"line":121,"column":38},"end":{"line":145,"column":1}},"line":121}},"branchMap":{"0":{"loc":{"start":{"line":25,"column":2},"end":{"line":31,"column":3}},"type":"if","locations":[{"start":{"line":25,"column":2},"end":{"line":31,"column":3}},{"start":{"line":25,"column":2},"end":{"line":31,"column":3}}],"line":25},"1":{"loc":{"start":{"line":55,"column":2},"end":{"line":61,"column":3}},"type":"if","locations":[{"start":{"line":55,"column":2},"end":{"line":61,"column":3}},{"start":{"line":55,"column":2},"end":{"line":61,"column":3}}],"line":55},"2":{"loc":{"start":{"line":55,"column":6},"end":{"line":55,"column":31}},"type":"binary-expr","locations":[{"start":{"line":55,"column":6},"end":{"line":55,"column":11}},{"start":{"line":55,"column":15},"end":{"line":55,"column":31}}],"line":55},"3":{"loc":{"start":{"line":88,"column":6},"end":{"line":104,"column":7}},"type":"if","locations":[{"start":{"line":88,"column":6},"end":{"line":104,"column":7}},{"start":{"line":88,"column":6},"end":{"line":104,"column":7}}],"line":88},"4":{"loc":{"start":{"line":141,"column":2},"end":{"line":143,"column":3}},"type":"if","locations":[{"start":{"line":141,"column":2},"end":{"line":143,"column":3}},{"start":{"line":141,"column":2},"end":{"line":143,"column":3}}],"line":141}},"s":{"0":1,"1":1,"2":1,"3":1,"4":1,"5":1,"6":1,"7":1,"8":1,"9":1,"10":0,"11":0,"12":0,"13":0,"14":0,"15":0,"16":0,"17":0,"18":1,"19":0,"20":0,"21":0,"22":0,"23":0,"24":0,"25":0,"26":0,"27":0,"28":1,"29":0,"30":0,"31":0,"32":1,"33":0,"34":0,"35":0,"36":0,"37":0,"38":0,"39":0,"40":1,"41":0,"42":0,"43":0,"44":0,"45":1,"46":0,"47":0,"48":0,"49":0,"50":0,"51":0,"52":0,"53":0,"54":0,"55":0,"56":0,"57":0,"58":0,"59":1},"f":{"0":0,"1":0,"2":0,"3":0,"4":0,"5":0},"b":{"0":[0,0],"1":[0,0],"2":[0,0],"3":[0,0],"4":[0,0]},"_coverageSchema":"1a1c01bbd47fc00a2c39e90264f33305004495a9","hash":"15fa730d3d0d9617d4fbfc9834e6d200bd1cb927"}
,"/home/oksana/Documents/GitHub/NODE/HW4/nodejs-homework-template/helper/constants.js": {"path":"/home/oksana/Documents/GitHub/NODE/HW4/nodejs-homework-template/helper/constants.js","statementMap":{"0":{"start":{"line":1,"column":21},"end":{"line":5,"column":3}},"1":{"start":{"line":7,"column":19},"end":{"line":16,"column":3}},"2":{"start":{"line":18,"column":2},"end":{"line":21,"column":3}}},"fnMap":{},"branchMap":{},"s":{"0":3,"1":3,"2":3},"f":{},"b":{},"_coverageSchema":"1a1c01bbd47fc00a2c39e90264f33305004495a9","hash":"4531ba86ff9157a614aad566d84652140a1f72ae"}
,"/home/oksana/Documents/GitHub/NODE/HW4/nodejs-homework-template/helper/guard.js": {"path":"/home/oksana/Documents/GitHub/NODE/HW4/nodejs-homework-template/helper/guard.js","statementMap":{"0":{"start":{"line":1,"column":17},"end":{"line":1,"column":36}},"1":{"start":{"line":2,"column":21},"end":{"line":2,"column":43}},"2":{"start":{"line":3,"column":0},"end":{"line":3,"column":29}},"3":{"start":{"line":5,"column":14},"end":{"line":21,"column":1}},"4":{"start":{"line":6,"column":2},"end":{"line":20,"column":20}},"5":{"start":{"line":7,"column":16},"end":{"line":7,"column":20}},"6":{"start":{"line":8,"column":4},"end":{"line":10,"column":5}},"7":{"start":{"line":9,"column":6},"end":{"line":9,"column":52}},"8":{"start":{"line":11,"column":4},"end":{"line":17,"column":5}},"9":{"start":{"line":12,"column":6},"end":{"line":16,"column":8}},"10":{"start":{"line":18,"column":4},"end":{"line":18,"column":19}},"11":{"start":{"line":19,"column":4},"end":{"line":19,"column":17}},"12":{"start":{"line":23,"column":0},"end":{"line":23,"column":22}}},"fnMap":{"0":{"name":"(anonymous_0)","decl":{"start":{"line":5,"column":14},"end":{"line":5,"column":15}},"loc":{"start":{"line":5,"column":34},"end":{"line":21,"column":1}},"line":5},"1":{"name":"(anonymous_1)","decl":{"start":{"line":6,"column":51},"end":{"line":6,"column":52}},"loc":{"start":{"line":6,"column":66},"end":{"line":20,"column":3}},"line":6}},"branchMap":{"0":{"loc":{"start":{"line":8,"column":4},"end":{"line":10,"column":5}},"type":"if","locations":[{"start":{"line":8,"column":4},"end":{"line":10,"column":5}},{"start":{"line":8,"column":4},"end":{"line":10,"column":5}}],"line":8},"1":{"loc":{"start":{"line":11,"column":4},"end":{"line":17,"column":5}},"type":"if","locations":[{"start":{"line":11,"column":4},"end":{"line":17,"column":5}},{"start":{"line":11,"column":4},"end":{"line":17,"column":5}}],"line":11},"2":{"loc":{"start":{"line":11,"column":8},"end":{"line":11,"column":44}},"type":"binary-expr","locations":[{"start":{"line":11,"column":8},"end":{"line":11,"column":13}},{"start":{"line":11,"column":17},"end":{"line":11,"column":20}},{"start":{"line":11,"column":24},"end":{"line":11,"column":44}}],"line":11}},"s":{"0":2,"1":2,"2":2,"3":2,"4":4,"5":4,"6":4,"7":4,"8":4,"9":3,"10":1,"11":1,"12":2},"f":{"0":4,"1":4},"b":{"0":[4,0],"1":[3,1],"2":[4,2,2]},"_coverageSchema":"1a1c01bbd47fc00a2c39e90264f33305004495a9","hash":"51b5ec83a8be4e762d528f0ad109ca962f208216"}
,"/home/oksana/Documents/GitHub/NODE/HW4/nodejs-homework-template/helper/role.js": {"path":"/home/oksana/Documents/GitHub/NODE/HW4/nodejs-homework-template/helper/role.js","statementMap":{"0":{"start":{"line":1,"column":21},"end":{"line":1,"column":43}},"1":{"start":{"line":3,"column":13},"end":{"line":13,"column":1}},"2":{"start":{"line":3,"column":23},"end":{"line":13,"column":1}},"3":{"start":{"line":4,"column":19},"end":{"line":4,"column":40}},"4":{"start":{"line":5,"column":2},"end":{"line":11,"column":3}},"5":{"start":{"line":6,"column":4},"end":{"line":10,"column":6}},"6":{"start":{"line":12,"column":2},"end":{"line":12,"column":15}},"7":{"start":{"line":15,"column":0},"end":{"line":15,"column":21}}},"fnMap":{"0":{"name":"(anonymous_0)","decl":{"start":{"line":3,"column":13},"end":{"line":3,"column":14}},"loc":{"start":{"line":3,"column":23},"end":{"line":13,"column":1}},"line":3},"1":{"name":"(anonymous_1)","decl":{"start":{"line":3,"column":23},"end":{"line":3,"column":24}},"loc":{"start":{"line":3,"column":43},"end":{"line":13,"column":1}},"line":3}},"branchMap":{"0":{"loc":{"start":{"line":5,"column":2},"end":{"line":11,"column":3}},"type":"if","locations":[{"start":{"line":5,"column":2},"end":{"line":11,"column":3}},{"start":{"line":5,"column":2},"end":{"line":11,"column":3}}],"line":5}},"s":{"0":2,"1":2,"2":4,"3":2,"4":2,"5":1,"6":1,"7":2},"f":{"0":4,"1":2},"b":{"0":[1,1]},"_coverageSchema":"1a1c01bbd47fc00a2c39e90264f33305004495a9","hash":"7837a743811196ecb3a8bbb2c5f898a92656dc64"}
,"/home/oksana/Documents/GitHub/NODE/HW4/nodejs-homework-template/helper/upload-avatar.js": {"path":"/home/oksana/Documents/GitHub/NODE/HW4/nodejs-homework-template/helper/upload-avatar.js","statementMap":{"0":{"start":{"line":1,"column":15},"end":{"line":1,"column":32}},"1":{"start":{"line":2,"column":13},"end":{"line":2,"column":28}},"2":{"start":{"line":3,"column":0},"end":{"line":3,"column":26}},"3":{"start":{"line":4,"column":19},"end":{"line":4,"column":67}},"4":{"start":{"line":6,"column":16},"end":{"line":13,"column":2}},"5":{"start":{"line":8,"column":4},"end":{"line":8,"column":24}},"6":{"start":{"line":11,"column":4},"end":{"line":11,"column":31}},"7":{"start":{"line":15,"column":15},"end":{"line":31,"column":2}},"8":{"start":{"line":19,"column":4},"end":{"line":23,"column":5}},"9":{"start":{"line":21,"column":6},"end":{"line":21,"column":20}},"10":{"start":{"line":22,"column":6},"end":{"line":22,"column":12}},"11":{"start":{"line":25,"column":16},"end":{"line":25,"column":58}},"12":{"start":{"line":26,"column":4},"end":{"line":26,"column":20}},"13":{"start":{"line":27,"column":4},"end":{"line":27,"column":11}},"14":{"start":{"line":33,"column":0},"end":{"line":33,"column":23}}},"fnMap":{"0":{"name":"(anonymous_0)","decl":{"start":{"line":7,"column":15},"end":{"line":7,"column":16}},"loc":{"start":{"line":7,"column":40},"end":{"line":9,"column":3}},"line":7},"1":{"name":"(anonymous_1)","decl":{"start":{"line":10,"column":12},"end":{"line":10,"column":13}},"loc":{"start":{"line":10,"column":37},"end":{"line":12,"column":3}},"line":10},"2":{"name":"(anonymous_2)","decl":{"start":{"line":18,"column":14},"end":{"line":18,"column":15}},"loc":{"start":{"line":18,"column":33},"end":{"line":30,"column":3}},"line":18}},"branchMap":{"0":{"loc":{"start":{"line":19,"column":4},"end":{"line":23,"column":5}},"type":"if","locations":[{"start":{"line":19,"column":4},"end":{"line":23,"column":5}},{"start":{"line":19,"column":4},"end":{"line":23,"column":5}}],"line":19}},"s":{"0":1,"1":1,"2":1,"3":1,"4":1,"5":0,"6":0,"7":1,"8":0,"9":0,"10":0,"11":0,"12":0,"13":0,"14":1},"f":{"0":0,"1":0,"2":0},"b":{"0":[0,0]},"_coverageSchema":"1a1c01bbd47fc00a2c39e90264f33305004495a9","hash":"8694e9d2194a36ff54c05e8b5bba3c8dbf08e8fb"}
,"/home/oksana/Documents/GitHub/NODE/HW4/nodejs-homework-template/model/contacts.js": {"path":"/home/oksana/Documents/GitHub/NODE/HW4/nodejs-homework-template/model/contacts.js","statementMap":{"0":{"start":{"line":1,"column":17},"end":{"line":1,"column":45}},"1":{"start":{"line":3,"column":21},"end":{"line":36,"column":1}},"2":{"start":{"line":12,"column":6},"end":{"line":12,"column":11}},"3":{"start":{"line":14,"column":24},"end":{"line":14,"column":41}},"4":{"start":{"line":16,"column":2},"end":{"line":18,"column":3}},"5":{"start":{"line":17,"column":4},"end":{"line":17,"column":37}},"6":{"start":{"line":20,"column":18},"end":{"line":33,"column":4}},"7":{"start":{"line":35,"column":2},"end":{"line":35,"column":16}},"8":{"start":{"line":38,"column":23},"end":{"line":45,"column":1}},"9":{"start":{"line":39,"column":17},"end":{"line":42,"column":4}},"10":{"start":{"line":44,"column":2},"end":{"line":44,"column":15}},"11":{"start":{"line":47,"column":22},"end":{"line":47,"column":111}},"12":{"start":{"line":47,"column":51},"end":{"line":47,"column":111}},"13":{"start":{"line":49,"column":19},"end":{"line":58,"column":1}},"14":{"start":{"line":50,"column":17},"end":{"line":50,"column":21}},"15":{"start":{"line":51,"column":25},"end":{"line":51,"column":55}},"16":{"start":{"line":53,"column":2},"end":{"line":55,"column":3}},"17":{"start":{"line":54,"column":4},"end":{"line":54,"column":61}},"18":{"start":{"line":57,"column":2},"end":{"line":57,"column":58}},"19":{"start":{"line":60,"column":22},"end":{"line":67,"column":1}},"20":{"start":{"line":61,"column":17},"end":{"line":65,"column":3}},"21":{"start":{"line":66,"column":2},"end":{"line":66,"column":15}},"22":{"start":{"line":69,"column":0},"end":{"line":75,"column":1}}},"fnMap":{"0":{"name":"(anonymous_0)","decl":{"start":{"line":3,"column":21},"end":{"line":3,"column":22}},"loc":{"start":{"line":3,"column":46},"end":{"line":36,"column":1}},"line":3},"1":{"name":"(anonymous_1)","decl":{"start":{"line":38,"column":23},"end":{"line":38,"column":24}},"loc":{"start":{"line":38,"column":52},"end":{"line":45,"column":1}},"line":38},"2":{"name":"(anonymous_2)","decl":{"start":{"line":47,"column":22},"end":{"line":47,"column":23}},"loc":{"start":{"line":47,"column":51},"end":{"line":47,"column":111}},"line":47},"3":{"name":"(anonymous_3)","decl":{"start":{"line":49,"column":19},"end":{"line":49,"column":20}},"loc":{"start":{"line":49,"column":43},"end":{"line":58,"column":1}},"line":49},"4":{"name":"(anonymous_4)","decl":{"start":{"line":60,"column":22},"end":{"line":60,"column":23}},"loc":{"start":{"line":60,"column":57},"end":{"line":67,"column":1}},"line":60}},"branchMap":{"0":{"loc":{"start":{"line":8,"column":4},"end":{"line":8,"column":19}},"type":"default-arg","locations":[{"start":{"line":8,"column":15},"end":{"line":8,"column":19}}],"line":8},"1":{"loc":{"start":{"line":9,"column":4},"end":{"line":9,"column":13}},"type":"default-arg","locations":[{"start":{"line":9,"column":12},"end":{"line":9,"column":13}}],"line":9},"2":{"loc":{"start":{"line":10,"column":4},"end":{"line":10,"column":12}},"type":"default-arg","locations":[{"start":{"line":10,"column":11},"end":{"line":10,"column":12}}],"line":10},"3":{"loc":{"start":{"line":11,"column":4},"end":{"line":11,"column":14}},"type":"default-arg","locations":[{"start":{"line":11,"column":13},"end":{"line":11,"column":14}}],"line":11},"4":{"loc":{"start":{"line":16,"column":2},"end":{"line":18,"column":3}},"type":"if","locations":[{"start":{"line":16,"column":2},"end":{"line":18,"column":3}},{"start":{"line":16,"column":2},"end":{"line":18,"column":3}}],"line":16},"5":{"loc":{"start":{"line":25,"column":10},"end":{"line":25,"column":44}},"type":"cond-expr","locations":[{"start":{"line":25,"column":19},"end":{"line":25,"column":39}},{"start":{"line":25,"column":42},"end":{"line":25,"column":44}}],"line":25},"6":{"loc":{"start":{"line":26,"column":10},"end":{"line":26,"column":53}},"type":"cond-expr","locations":[{"start":{"line":26,"column":23},"end":{"line":26,"column":48}},{"start":{"line":26,"column":51},"end":{"line":26,"column":53}}],"line":26},"7":{"loc":{"start":{"line":28,"column":12},"end":{"line":28,"column":53}},"type":"cond-expr","locations":[{"start":{"line":28,"column":21},"end":{"line":28,"column":48}},{"start":{"line":28,"column":51},"end":{"line":28,"column":53}}],"line":28},"8":{"loc":{"start":{"line":53,"column":2},"end":{"line":55,"column":3}},"type":"if","locations":[{"start":{"line":53,"column":2},"end":{"line":55,"column":3}},{"start":{"line":53,"column":2},"end":{"line":55,"column":3}}],"line":53}},"s":{"0":1,"1":1,"2":0,"3":0,"4":0,"5":0,"6":0,"7":0,"8":1,"9":0,"10":0,"11":1,"12":0,"13":1,"14":0,"15":0,"16":0,"17":0,"18":0,"19":1,"20":0,"21":0,"22":1},"f":{"0":0,"1":0,"2":0,"3":0,"4":0},"b":{"0":[0],"1":[0],"2":[0],"3":[0],"4":[0,0],"5":[0,0],"6":[0,0],"7":[0,0],"8":[0,0]},"_coverageSchema":"1a1c01bbd47fc00a2c39e90264f33305004495a9","hash":"05d34131c7099f45b10dbf35d2fbe5025c3023a0"}
,"/home/oksana/Documents/GitHub/NODE/HW4/nodejs-homework-template/model/users.js": {"path":"/home/oksana/Documents/GitHub/NODE/HW4/nodejs-homework-template/model/users.js","statementMap":{"0":{"start":{"line":1,"column":13},"end":{"line":1,"column":38}},"1":{"start":{"line":3,"column":17},"end":{"line":5,"column":1}},"2":{"start":{"line":4,"column":2},"end":{"line":4,"column":40}},"3":{"start":{"line":7,"column":20},"end":{"line":9,"column":1}},"4":{"start":{"line":8,"column":2},"end":{"line":8,"column":38}},"5":{"start":{"line":11,"column":15},"end":{"line":14,"column":1}},"6":{"start":{"line":12,"column":15},"end":{"line":12,"column":36}},"7":{"start":{"line":13,"column":2},"end":{"line":13,"column":26}},"8":{"start":{"line":16,"column":20},"end":{"line":18,"column":1}},"9":{"start":{"line":17,"column":2},"end":{"line":17,"column":53}},"10":{"start":{"line":20,"column":21},"end":{"line":22,"column":1}},"11":{"start":{"line":21,"column":2},"end":{"line":21,"column":69}},"12":{"start":{"line":24,"column":0},"end":{"line":30,"column":1}}},"fnMap":{"0":{"name":"(anonymous_0)","decl":{"start":{"line":3,"column":17},"end":{"line":3,"column":18}},"loc":{"start":{"line":3,"column":31},"end":{"line":5,"column":1}},"line":3},"1":{"name":"(anonymous_1)","decl":{"start":{"line":7,"column":20},"end":{"line":7,"column":21}},"loc":{"start":{"line":7,"column":37},"end":{"line":9,"column":1}},"line":7},"2":{"name":"(anonymous_2)","decl":{"start":{"line":11,"column":15},"end":{"line":11,"column":16}},"loc":{"start":{"line":11,"column":38},"end":{"line":14,"column":1}},"line":11},"3":{"name":"(anonymous_3)","decl":{"start":{"line":16,"column":20},"end":{"line":16,"column":21}},"loc":{"start":{"line":16,"column":41},"end":{"line":18,"column":1}},"line":16},"4":{"name":"(anonymous_4)","decl":{"start":{"line":20,"column":21},"end":{"line":20,"column":22}},"loc":{"start":{"line":20,"column":65},"end":{"line":22,"column":1}},"line":20}},"branchMap":{"0":{"loc":{"start":{"line":20,"column":40},"end":{"line":20,"column":60}},"type":"default-arg","locations":[{"start":{"line":20,"column":56},"end":{"line":20,"column":60}}],"line":20}},"s":{"0":2,"1":2,"2":0,"3":2,"4":0,"5":2,"6":0,"7":0,"8":2,"9":0,"10":2,"11":0,"12":2},"f":{"0":0,"1":0,"2":0,"3":0,"4":0},"b":{"0":[0]},"_coverageSchema":"1a1c01bbd47fc00a2c39e90264f33305004495a9","hash":"edc91c79a0dbcfeab603c111f3235165a934c49e"}
,"/home/oksana/Documents/GitHub/NODE/HW4/nodejs-homework-template/model/schemas/contact.js": {"path":"/home/oksana/Documents/GitHub/NODE/HW4/nodejs-homework-template/model/schemas/contact.js","statementMap":{"0":{"start":{"line":1,"column":25},"end":{"line":1,"column":56}},"1":{"start":{"line":2,"column":17},"end":{"line":2,"column":36}},"2":{"start":{"line":3,"column":39},"end":{"line":3,"column":47}},"3":{"start":{"line":5,"column":22},"end":{"line":30,"column":1}},"4":{"start":{"line":32,"column":0},"end":{"line":34,"column":2}},"5":{"start":{"line":33,"column":2},"end":{"line":33,"column":39}},"6":{"start":{"line":36,"column":0},"end":{"line":38,"column":2}},"7":{"start":{"line":37,"column":2},"end":{"line":37,"column":78}},"8":{"start":{"line":40,"column":0},"end":{"line":42,"column":2}},"9":{"start":{"line":41,"column":2},"end":{"line":41,"column":68}},"10":{"start":{"line":44,"column":0},"end":{"line":44,"column":38}},"11":{"start":{"line":46,"column":16},"end":{"line":46,"column":47}},"12":{"start":{"line":48,"column":0},"end":{"line":48,"column":24}}},"fnMap":{"0":{"name":"(anonymous_0)","decl":{"start":{"line":32,"column":36},"end":{"line":32,"column":37}},"loc":{"start":{"line":32,"column":47},"end":{"line":34,"column":1}},"line":32},"1":{"name":"(anonymous_1)","decl":{"start":{"line":36,"column":37},"end":{"line":36,"column":38}},"loc":{"start":{"line":36,"column":48},"end":{"line":38,"column":1}},"line":36},"2":{"name":"(anonymous_2)","decl":{"start":{"line":40,"column":37},"end":{"line":40,"column":38}},"loc":{"start":{"line":40,"column":48},"end":{"line":42,"column":1}},"line":40}},"branchMap":{},"s":{"0":1,"1":1,"2":1,"3":1,"4":1,"5":0,"6":1,"7":0,"8":1,"9":0,"10":1,"11":1,"12":1},"f":{"0":0,"1":0,"2":0},"b":{},"_coverageSchema":"1a1c01bbd47fc00a2c39e90264f33305004495a9","hash":"415cd1a4b66b3f7bc4eab3f91876f6e581572acb"}
,"/home/oksana/Documents/GitHub/NODE/HW4/nodejs-homework-template/model/schemas/user.js": {"path":"/home/oksana/Documents/GitHub/NODE/HW4/nodejs-homework-template/model/schemas/user.js","statementMap":{"0":{"start":{"line":1,"column":17},"end":{"line":1,"column":36}},"1":{"start":{"line":2,"column":26},"end":{"line":2,"column":34}},"2":{"start":{"line":3,"column":15},"end":{"line":3,"column":34}},"3":{"start":{"line":4,"column":21},"end":{"line":4,"column":54}},"4":{"start":{"line":5,"column":20},"end":{"line":5,"column":21}},"5":{"start":{"line":7,"column":19},"end":{"line":46,"column":1}},"6":{"start":{"line":34,"column":12},"end":{"line":34,"column":63}},"7":{"start":{"line":48,"column":2},"end":{"line":54,"column":4}},"8":{"start":{"line":49,"column":4},"end":{"line":52,"column":5}},"9":{"start":{"line":50,"column":19},"end":{"line":50,"column":52}},"10":{"start":{"line":51,"column":6},"end":{"line":51,"column":60}},"11":{"start":{"line":53,"column":4},"end":{"line":53,"column":10}},"12":{"start":{"line":56,"column":2},"end":{"line":58,"column":3}},"13":{"start":{"line":57,"column":4},"end":{"line":57,"column":64}},"14":{"start":{"line":60,"column":15},"end":{"line":60,"column":40}},"15":{"start":{"line":62,"column":2},"end":{"line":62,"column":23}}},"fnMap":{"0":{"name":"(anonymous_0)","decl":{"start":{"line":33,"column":19},"end":{"line":33,"column":20}},"loc":{"start":{"line":33,"column":31},"end":{"line":35,"column":11}},"line":33},"1":{"name":"(anonymous_1)","decl":{"start":{"line":48,"column":25},"end":{"line":48,"column":26}},"loc":{"start":{"line":48,"column":47},"end":{"line":54,"column":3}},"line":48},"2":{"name":"(anonymous_2)","decl":{"start":{"line":56,"column":37},"end":{"line":56,"column":38}},"loc":{"start":{"line":56,"column":63},"end":{"line":58,"column":3}},"line":56}},"branchMap":{"0":{"loc":{"start":{"line":49,"column":4},"end":{"line":52,"column":5}},"type":"if","locations":[{"start":{"line":49,"column":4},"end":{"line":52,"column":5}},{"start":{"line":49,"column":4},"end":{"line":52,"column":5}}],"line":49}},"s":{"0":2,"1":2,"2":2,"3":2,"4":2,"5":2,"6":0,"7":2,"8":0,"9":0,"10":0,"11":0,"12":2,"13":0,"14":2,"15":2},"f":{"0":0,"1":0,"2":0},"b":{"0":[0,0]},"_coverageSchema":"1a1c01bbd47fc00a2c39e90264f33305004495a9","hash":"dfd6b175def226929c5cb6d4b51ae3abdf7c7163"}
,"/home/oksana/Documents/GitHub/NODE/HW4/nodejs-homework-template/routes/contacts/index.js": {"path":"/home/oksana/Documents/GitHub/NODE/HW4/nodejs-homework-template/routes/contacts/index.js","statementMap":{"0":{"start":{"line":2,"column":16},"end":{"line":2,"column":34}},"1":{"start":{"line":3,"column":15},"end":{"line":3,"column":31}},"2":{"start":{"line":10,"column":4},"end":{"line":10,"column":37}},"3":{"start":{"line":12,"column":14},"end":{"line":12,"column":43}},"4":{"start":{"line":13,"column":13},"end":{"line":13,"column":41}},"5":{"start":{"line":14,"column":25},"end":{"line":14,"column":58}},"6":{"start":{"line":15,"column":14},"end":{"line":15,"column":51}},"7":{"start":{"line":18,"column":0},"end":{"line":20,"column":58}},"8":{"start":{"line":22,"column":0},"end":{"line":22,"column":64}},"9":{"start":{"line":23,"column":0},"end":{"line":23,"column":79}},"10":{"start":{"line":25,"column":0},"end":{"line":28,"column":45}},"11":{"start":{"line":30,"column":0},"end":{"line":33,"column":1}},"12":{"start":{"line":35,"column":0},"end":{"line":35,"column":23}}},"fnMap":{},"branchMap":{},"s":{"0":1,"1":1,"2":1,"3":1,"4":1,"5":1,"6":1,"7":1,"8":1,"9":1,"10":1,"11":1,"12":1},"f":{},"b":{},"_coverageSchema":"1a1c01bbd47fc00a2c39e90264f33305004495a9","hash":"175bd02504d98bf5905e6e7e78c16a05344b020e"}
,"/home/oksana/Documents/GitHub/NODE/HW4/nodejs-homework-template/routes/contacts/valid-contact-router.js": {"path":"/home/oksana/Documents/GitHub/NODE/HW4/nodejs-homework-template/routes/contacts/valid-contact-router.js","statementMap":{"0":{"start":{"line":1,"column":12},"end":{"line":1,"column":26}},"1":{"start":{"line":2,"column":17},"end":{"line":2,"column":36}},"2":{"start":{"line":4,"column":28},"end":{"line":9,"column":2}},"3":{"start":{"line":10,"column":27},"end":{"line":17,"column":34}},"4":{"start":{"line":19,"column":28},"end":{"line":23,"column":31}},"5":{"start":{"line":25,"column":34},"end":{"line":27,"column":2}},"6":{"start":{"line":29,"column":17},"end":{"line":46,"column":1}},"7":{"start":{"line":30,"column":2},"end":{"line":45,"column":3}},"8":{"start":{"line":31,"column":4},"end":{"line":31,"column":35}},"9":{"start":{"line":32,"column":4},"end":{"line":32,"column":17}},"10":{"start":{"line":36,"column":4},"end":{"line":38,"column":5}},"11":{"start":{"line":37,"column":6},"end":{"line":37,"column":90}},"12":{"start":{"line":40,"column":4},"end":{"line":42,"column":5}},"13":{"start":{"line":41,"column":6},"end":{"line":41,"column":58}},"14":{"start":{"line":44,"column":4},"end":{"line":44,"column":66}},"15":{"start":{"line":48,"column":0},"end":{"line":70,"column":3}},"16":{"start":{"line":50,"column":4},"end":{"line":50,"column":62}},"17":{"start":{"line":53,"column":4},"end":{"line":55,"column":5}},"18":{"start":{"line":54,"column":6},"end":{"line":54,"column":72}},"19":{"start":{"line":56,"column":4},"end":{"line":56,"column":62}},"20":{"start":{"line":59,"column":4},"end":{"line":59,"column":62}},"21":{"start":{"line":62,"column":4},"end":{"line":64,"column":5}},"22":{"start":{"line":63,"column":6},"end":{"line":63,"column":64}},"23":{"start":{"line":65,"column":4},"end":{"line":65,"column":10}},"24":{"start":{"line":68,"column":6},"end":{"line":68,"column":70}}},"fnMap":{"0":{"name":"(anonymous_0)","decl":{"start":{"line":29,"column":17},"end":{"line":29,"column":18}},"loc":{"start":{"line":29,"column":46},"end":{"line":46,"column":1}},"line":29},"1":{"name":"(anonymous_1)","decl":{"start":{"line":49,"column":26},"end":{"line":49,"column":27}},"loc":{"start":{"line":49,"column":52},"end":{"line":51,"column":3}},"line":49},"2":{"name":"(anonymous_2)","decl":{"start":{"line":52,"column":27},"end":{"line":52,"column":28}},"loc":{"start":{"line":52,"column":53},"end":{"line":57,"column":3}},"line":52},"3":{"name":"(anonymous_3)","decl":{"start":{"line":58,"column":27},"end":{"line":58,"column":28}},"loc":{"start":{"line":58,"column":53},"end":{"line":60,"column":3}},"line":58},"4":{"name":"(anonymous_4)","decl":{"start":{"line":61,"column":22},"end":{"line":61,"column":23}},"loc":{"start":{"line":61,"column":48},"end":{"line":66,"column":3}},"line":61},"5":{"name":"(anonymous_5)","decl":{"start":{"line":67,"column":35},"end":{"line":67,"column":36}},"loc":{"start":{"line":67,"column":61},"end":{"line":69,"column":5}},"line":67}},"branchMap":{"0":{"loc":{"start":{"line":36,"column":4},"end":{"line":38,"column":5}},"type":"if","locations":[{"start":{"line":36,"column":4},"end":{"line":38,"column":5}},{"start":{"line":36,"column":4},"end":{"line":38,"column":5}}],"line":36},"1":{"loc":{"start":{"line":36,"column":8},"end":{"line":36,"column":82}},"type":"binary-expr","locations":[{"start":{"line":36,"column":8},"end":{"line":36,"column":38}},{"start":{"line":36,"column":42},"end":{"line":36,"column":82}}],"line":36},"2":{"loc":{"start":{"line":40,"column":4},"end":{"line":42,"column":5}},"type":"if","locations":[{"start":{"line":40,"column":4},"end":{"line":42,"column":5}},{"start":{"line":40,"column":4},"end":{"line":42,"column":5}}],"line":40},"3":{"loc":{"start":{"line":40,"column":8},"end":{"line":40,"column":71}},"type":"binary-expr","locations":[{"start":{"line":40,"column":8},"end":{"line":40,"column":38}},{"start":{"line":40,"column":42},"end":{"line":40,"column":71}}],"line":40},"4":{"loc":{"start":{"line":53,"column":4},"end":{"line":55,"column":5}},"type":"if","locations":[{"start":{"line":53,"column":4},"end":{"line":55,"column":5}},{"start":{"line":53,"column":4},"end":{"line":55,"column":5}}],"line":53},"5":{"loc":{"start":{"line":62,"column":4},"end":{"line":64,"column":5}},"type":"if","locations":[{"start":{"line":62,"column":4},"end":{"line":64,"column":5}},{"start":{"line":62,"column":4},"end":{"line":64,"column":5}}],"line":62}},"s":{"0":1,"1":1,"2":1,"3":1,"4":1,"5":1,"6":1,"7":0,"8":0,"9":0,"10":0,"11":0,"12":0,"13":0,"14":0,"15":1,"16":0,"17":0,"18":0,"19":0,"20":0,"21":0,"22":0,"23":0,"24":0},"f":{"0":0,"1":0,"2":0,"3":0,"4":0,"5":0},"b":{"0":[0,0],"1":[0,0],"2":[0,0],"3":[0,0],"4":[0,0],"5":[0,0]},"_coverageSchema":"1a1c01bbd47fc00a2c39e90264f33305004495a9","hash":"492844fe8a51ab0400b12ef665c330fc750d804d"}
,"/home/oksana/Documents/GitHub/NODE/HW4/nodejs-homework-template/routes/users/index.js": {"path":"/home/oksana/Documents/GitHub/NODE/HW4/nodejs-homework-template/routes/users/index.js","statementMap":{"0":{"start":{"line":1,"column":16},"end":{"line":1,"column":34}},"1":{"start":{"line":2,"column":15},"end":{"line":2,"column":31}},"2":{"start":{"line":3,"column":14},"end":{"line":3,"column":48}},"3":{"start":{"line":4,"column":14},"end":{"line":4,"column":43}},"4":{"start":{"line":5,"column":21},"end":{"line":5,"column":58}},"5":{"start":{"line":9,"column":4},"end":{"line":9,"column":34}},"6":{"start":{"line":11,"column":0},"end":{"line":11,"column":52}},"7":{"start":{"line":12,"column":0},"end":{"line":12,"column":53}},"8":{"start":{"line":13,"column":0},"end":{"line":13,"column":43}},"9":{"start":{"line":14,"column":0},"end":{"line":19,"column":1}},"10":{"start":{"line":20,"column":0},"end":{"line":20,"column":44}},"11":{"start":{"line":22,"column":0},"end":{"line":22,"column":23}}},"fnMap":{},"branchMap":{},"s":{"0":1,"1":1,"2":1,"3":1,"4":1,"5":1,"6":1,"7":1,"8":1,"9":1,"10":1,"11":1},"f":{},"b":{},"_coverageSchema":"1a1c01bbd47fc00a2c39e90264f33305004495a9","hash":"9243720d1e1740cc5dde24a211a81d00e25645f3"}
,"/home/oksana/Documents/GitHub/NODE/HW4/nodejs-homework-template/routes/users/valid-user-router.js": {"path":"/home/oksana/Documents/GitHub/NODE/HW4/nodejs-homework-template/routes/users/valid-user-router.js","statementMap":{"0":{"start":{"line":1,"column":12},"end":{"line":1,"column":26}},"1":{"start":{"line":2,"column":17},"end":{"line":2,"column":36}},"2":{"start":{"line":4,"column":23},"end":{"line":8,"column":2}},"3":{"start":{"line":10,"column":17},"end":{"line":23,"column":1}},"4":{"start":{"line":11,"column":2},"end":{"line":22,"column":3}},"5":{"start":{"line":12,"column":4},"end":{"line":12,"column":35}},"6":{"start":{"line":13,"column":4},"end":{"line":13,"column":17}},"7":{"start":{"line":15,"column":4},"end":{"line":15,"column":20}},"8":{"start":{"line":17,"column":4},"end":{"line":19,"column":5}},"9":{"start":{"line":18,"column":6},"end":{"line":18,"column":83}},"10":{"start":{"line":21,"column":4},"end":{"line":21,"column":66}},"11":{"start":{"line":25,"column":0},"end":{"line":35,"column":1}},"12":{"start":{"line":27,"column":4},"end":{"line":27,"column":57}},"13":{"start":{"line":30,"column":4},"end":{"line":32,"column":5}},"14":{"start":{"line":31,"column":6},"end":{"line":31,"column":64}},"15":{"start":{"line":33,"column":4},"end":{"line":33,"column":10}}},"fnMap":{"0":{"name":"(anonymous_0)","decl":{"start":{"line":10,"column":17},"end":{"line":10,"column":18}},"loc":{"start":{"line":10,"column":46},"end":{"line":23,"column":1}},"line":10},"1":{"name":"(anonymous_1)","decl":{"start":{"line":26,"column":22},"end":{"line":26,"column":23}},"loc":{"start":{"line":26,"column":48},"end":{"line":28,"column":3}},"line":26},"2":{"name":"(anonymous_2)","decl":{"start":{"line":29,"column":22},"end":{"line":29,"column":23}},"loc":{"start":{"line":29,"column":48},"end":{"line":34,"column":3}},"line":29}},"branchMap":{"0":{"loc":{"start":{"line":17,"column":4},"end":{"line":19,"column":5}},"type":"if","locations":[{"start":{"line":17,"column":4},"end":{"line":19,"column":5}},{"start":{"line":17,"column":4},"end":{"line":19,"column":5}}],"line":17},"1":{"loc":{"start":{"line":17,"column":8},"end":{"line":17,"column":115}},"type":"binary-expr","locations":[{"start":{"line":17,"column":8},"end":{"line":17,"column":38}},{"start":{"line":17,"column":42},"end":{"line":17,"column":115}}],"line":17},"2":{"loc":{"start":{"line":17,"column":63},"end":{"line":17,"column":114}},"type":"binary-expr","locations":[{"start":{"line":17,"column":63},"end":{"line":17,"column":73}},{"start":{"line":17,"column":77},"end":{"line":17,"column":114}}],"line":17},"3":{"loc":{"start":{"line":30,"column":4},"end":{"line":32,"column":5}},"type":"if","locations":[{"start":{"line":30,"column":4},"end":{"line":32,"column":5}},{"start":{"line":30,"column":4},"end":{"line":32,"column":5}}],"line":30}},"s":{"0":1,"1":1,"2":1,"3":1,"4":0,"5":0,"6":0,"7":0,"8":0,"9":0,"10":0,"11":1,"12":0,"13":0,"14":0,"15":0},"f":{"0":0,"1":0,"2":0},"b":{"0":[0,0],"1":[0,0],"2":[0,0],"3":[0,0]},"_coverageSchema":"1a1c01bbd47fc00a2c39e90264f33305004495a9","hash":"6b76d2c3eb46d8bd6da77c3099cc3471cc0d57e9"}
}
