TN:
SF:app.js
FN:22,(anonymous_0)
FN:46,(anonymous_1)
FN:54,(anonymous_2)
FNF:3
FNH:0
FNDA:0,(anonymous_0)
FNDA:0,(anonymous_1)
FNDA:0,(anonymous_2)
DA:1,1
DA:2,1
DA:3,1
DA:4,1
DA:5,1
DA:6,1
DA:8,1
DA:9,1
DA:11,1
DA:13,1
DA:15,1
DA:16,1
DA:17,1
DA:19,1
DA:23,0
DA:31,1
DA:32,1
DA:40,1
DA:41,1
DA:43,1
DA:44,1
DA:46,1
DA:47,0
DA:54,1
DA:55,0
DA:56,0
DA:63,1
LF:27
LH:23
BRDA:13,0,0,0
BRDA:13,0,1,1
BRDA:16,1,0,1
BRDA:16,1,1,0
BRDA:55,2,0,0
BRDA:55,2,1,0
BRDA:57,3,0,0
BRDA:57,3,1,0
BRF:8
BRH:2
end_of_record
TN:
SF:config/passport.js
FN:14,(anonymous_0)
FNF:1
FNH:0
FNDA:0,(anonymous_0)
DA:1,2
DA:2,2
DA:3,2
DA:5,2
DA:6,2
DA:8,2
DA:13,2
DA:15,0
DA:16,0
DA:18,0
DA:19,0
DA:21,0
DA:22,0
DA:24,0
DA:26,0
LF:15
LH:7
BRDA:18,0,0,0
BRDA:18,0,1,0
BRDA:21,1,0,0
BRDA:21,1,1,0
BRF:4
BRH:0
end_of_record
TN:
SF:controllers/contacts.js
FN:3,(anonymous_0)
FN:19,(anonymous_1)
FN:46,(anonymous_2)
FN:62,(anonymous_3)
FN:88,(anonymous_4)
FN:114,(anonymous_5)
FN:141,(anonymous_6)
FN:151,(anonymous_7)
FNF:8
FNH:0
FNDA:0,(anonymous_0)
FNDA:0,(anonymous_1)
FNDA:0,(anonymous_2)
FNDA:0,(anonymous_3)
FNDA:0,(anonymous_4)
FNDA:0,(anonymous_5)
FNDA:0,(anonymous_6)
FNDA:0,(anonymous_7)
DA:1,1
DA:3,1
DA:4,0
DA:5,0
DA:6,0
DA:7,0
DA:15,0
DA:19,1
DA:20,0
DA:21,0
DA:22,0
DA:23,0
DA:24,0
DA:25,0
DA:26,0
DA:34,0
DA:42,0
DA:46,1
DA:47,0
DA:48,0
DA:49,0
DA:50,0
DA:58,0
DA:62,1
DA:63,0
DA:64,0
DA:65,0
DA:66,0
DA:67,0
DA:68,0
DA:76,0
DA:84,0
DA:88,1
DA:89,0
DA:90,0
DA:91,0
DA:92,0
DA:93,0
DA:94,0
DA:102,0
DA:110,0
DA:114,1
DA:115,0
DA:116,0
DA:117,0
DA:118,0
DA:119,0
DA:120,0
DA:128,0
DA:136,0
DA:141,1
DA:142,0
DA:151,1
DA:152,0
DA:162,1
LF:55
LH:10
BRDA:25,0,0,0
BRDA:25,0,1,0
BRDA:67,1,0,0
BRDA:67,1,1,0
BRDA:93,2,0,0
BRDA:93,2,1,0
BRDA:119,3,0,0
BRDA:119,3,1,0
BRF:8
BRH:0
end_of_record
TN:
SF:controllers/users.js
FN:22,(anonymous_0)
FN:50,(anonymous_1)
FN:78,(anonymous_2)
FN:84,(anonymous_3)
FN:110,(anonymous_4)
FN:121,(anonymous_5)
FNF:6
FNH:0
FNDA:0,(anonymous_0)
FNDA:0,(anonymous_1)
FNDA:0,(anonymous_2)
FNDA:0,(anonymous_3)
FNDA:0,(anonymous_4)
FNDA:0,(anonymous_5)
DA:1,1
DA:2,1
DA:3,1
DA:4,1
DA:5,1
DA:7,1
DA:8,1
DA:10,1
DA:12,1
DA:22,1
DA:23,0
DA:24,0
DA:25,0
DA:26,0
DA:32,0
DA:33,0
DA:34,0
DA:46,0
DA:50,1
DA:51,0
DA:52,0
DA:53,0
DA:55,0
DA:56,0
DA:62,0
DA:63,0
DA:64,0
DA:66,0
DA:78,1
DA:79,0
DA:80,0
DA:81,0
DA:84,1
DA:85,0
DA:86,0
DA:87,0
DA:88,0
DA:89,0
DA:98,0
DA:106,0
DA:110,1
DA:111,0
DA:112,0
DA:113,0
DA:116,0
DA:121,1
DA:122,0
DA:124,0
DA:125,0
DA:126,0
DA:127,0
DA:131,0
DA:132,0
DA:137,0
DA:139,0
DA:140,0
DA:141,0
DA:142,0
DA:144,0
DA:162,1
LF:60
LH:16
BRDA:25,0,0,0
BRDA:25,0,1,0
BRDA:55,1,0,0
BRDA:55,1,1,0
BRDA:55,2,0,0
BRDA:55,2,1,0
BRDA:88,3,0,0
BRDA:88,3,1,0
BRDA:141,4,0,0
BRDA:141,4,1,0
BRF:10
BRH:0
end_of_record
TN:
SF:helper/constants.js
FNF:0
FNH:0
DA:1,3
DA:7,3
DA:18,3
LF:3
LH:3
BRF:0
BRH:0
end_of_record
TN:
SF:helper/guard.js
FN:5,(anonymous_0)
FN:6,(anonymous_1)
FNF:2
FNH:2
FNDA:4,(anonymous_0)
FNDA:4,(anonymous_1)
DA:1,2
DA:2,2
DA:3,2
DA:5,2
DA:6,4
DA:7,4
DA:8,4
DA:9,4
DA:11,4
DA:12,3
DA:18,1
DA:19,1
DA:23,2
LF:13
LH:13
BRDA:8,0,0,4
BRDA:8,0,1,0
BRDA:11,1,0,3
BRDA:11,1,1,1
BRDA:11,2,0,4
BRDA:11,2,1,2
BRDA:11,2,2,2
BRF:7
BRH:6
end_of_record
TN:
SF:helper/role.js
FN:3,(anonymous_0)
FN:3,(anonymous_1)
FNF:2
FNH:2
FNDA:4,(anonymous_0)
FNDA:2,(anonymous_1)
DA:1,2
DA:3,4
DA:4,2
DA:5,2
DA:6,1
DA:12,1
DA:15,2
LF:7
LH:7
BRDA:5,0,0,1
BRDA:5,0,1,1
BRF:2
BRH:2
end_of_record
TN:
SF:helper/upload-avatar.js
FN:7,(anonymous_0)
FN:10,(anonymous_1)
FN:18,(anonymous_2)
FNF:3
FNH:0
FNDA:0,(anonymous_0)
FNDA:0,(anonymous_1)
FNDA:0,(anonymous_2)
DA:1,1
DA:2,1
DA:3,1
DA:4,1
DA:6,1
DA:8,0
DA:11,0
DA:15,1
DA:19,0
DA:21,0
DA:22,0
DA:25,0
DA:26,0
DA:27,0
DA:33,1
LF:15
LH:7
BRDA:19,0,0,0
BRDA:19,0,1,0
BRF:2
BRH:0
end_of_record
TN:
SF:model/contacts.js
FN:3,(anonymous_0)
FN:38,(anonymous_1)
FN:47,(anonymous_2)
FN:49,(anonymous_3)
FN:60,(anonymous_4)
FNF:5
FNH:0
FNDA:0,(anonymous_0)
FNDA:0,(anonymous_1)
FNDA:0,(anonymous_2)
FNDA:0,(anonymous_3)
FNDA:0,(anonymous_4)
DA:1,1
DA:3,1
DA:12,0
DA:14,0
DA:16,0
DA:17,0
DA:20,0
DA:35,0
DA:38,1
DA:39,0
DA:44,0
DA:47,1
DA:49,1
DA:50,0
DA:51,0
DA:53,0
DA:54,0
DA:57,0
DA:60,1
DA:61,0
DA:66,0
DA:69,1
LF:22
LH:7
BRDA:8,0,0,0
BRDA:9,1,0,0
BRDA:10,2,0,0
BRDA:11,3,0,0
BRDA:16,4,0,0
BRDA:16,4,1,0
BRDA:25,5,0,0
BRDA:25,5,1,0
BRDA:26,6,0,0
BRDA:26,6,1,0
BRDA:28,7,0,0
BRDA:28,7,1,0
BRDA:53,8,0,0
BRDA:53,8,1,0
BRF:14
BRH:0
end_of_record
TN:
SF:model/users.js
FN:3,(anonymous_0)
FN:7,(anonymous_1)
FN:11,(anonymous_2)
FN:16,(anonymous_3)
FN:20,(anonymous_4)
FNF:5
FNH:0
FNDA:0,(anonymous_0)
FNDA:0,(anonymous_1)
FNDA:0,(anonymous_2)
FNDA:0,(anonymous_3)
FNDA:0,(anonymous_4)
DA:1,2
DA:3,2
DA:4,0
DA:7,2
DA:8,0
DA:11,2
DA:12,0
DA:13,0
DA:16,2
DA:17,0
DA:20,2
DA:21,0
DA:24,2
LF:13
LH:7
BRDA:20,0,0,0
BRF:1
BRH:0
end_of_record
TN:
SF:model/schemas/contact.js
FN:32,(anonymous_0)
FN:36,(anonymous_1)
FN:40,(anonymous_2)
FNF:3
FNH:0
FNDA:0,(anonymous_0)
FNDA:0,(anonymous_1)
FNDA:0,(anonymous_2)
DA:1,1
DA:2,1
DA:3,1
DA:5,1
DA:32,1
DA:33,0
DA:36,1
DA:37,0
DA:40,1
DA:41,0
DA:44,1
DA:46,1
DA:48,1
LF:13
LH:10
BRF:0
BRH:0
end_of_record
TN:
SF:model/schemas/user.js
FN:33,(anonymous_0)
FN:48,(anonymous_1)
FN:56,(anonymous_2)
FNF:3
FNH:0
FNDA:0,(anonymous_0)
FNDA:0,(anonymous_1)
FNDA:0,(anonymous_2)
DA:1,2
DA:2,2
DA:3,2
DA:4,2
DA:5,2
DA:7,2
DA:34,0
DA:48,2
DA:49,0
DA:50,0
DA:51,0
DA:53,0
DA:56,2
DA:57,0
DA:60,2
DA:62,2
LF:16
LH:10
BRDA:49,0,0,0
BRDA:49,0,1,0
BRF:2
BRH:0
end_of_record
TN:
SF:routes/contacts/index.js
FNF:0
FNH:0
DA:2,1
DA:3,1
DA:10,1
DA:12,1
DA:13,1
DA:14,1
DA:15,1
DA:18,1
DA:22,1
DA:23,1
DA:25,1
DA:30,1
DA:35,1
LF:13
LH:13
BRF:0
BRH:0
end_of_record
TN:
SF:routes/contacts/valid-contact-router.js
FN:29,(anonymous_0)
FN:49,(anonymous_1)
FN:52,(anonymous_2)
FN:58,(anonymous_3)
FN:61,(anonymous_4)
FN:67,(anonymous_5)
FNF:6
FNH:0
FNDA:0,(anonymous_0)
FNDA:0,(anonymous_1)
FNDA:0,(anonymous_2)
FNDA:0,(anonymous_3)
FNDA:0,(anonymous_4)
FNDA:0,(anonymous_5)
DA:1,1
DA:2,1
DA:4,1
DA:10,1
DA:19,1
DA:25,1
DA:29,1
DA:30,0
DA:31,0
DA:32,0
DA:36,0
DA:37,0
DA:40,0
DA:41,0
DA:44,0
DA:48,1
DA:50,0
DA:53,0
DA:54,0
DA:56,0
DA:59,0
DA:62,0
DA:63,0
DA:65,0
DA:68,0
LF:25
LH:8
BRDA:36,0,0,0
BRDA:36,0,1,0
BRDA:36,1,0,0
BRDA:36,1,1,0
BRDA:40,2,0,0
BRDA:40,2,1,0
BRDA:40,3,0,0
BRDA:40,3,1,0
BRDA:53,4,0,0
BRDA:53,4,1,0
BRDA:62,5,0,0
BRDA:62,5,1,0
BRF:12
BRH:0
end_of_record
TN:
SF:routes/users/index.js
FNF:0
FNH:0
DA:1,1
DA:2,1
DA:3,1
DA:4,1
DA:5,1
DA:9,1
DA:11,1
DA:12,1
DA:13,1
DA:14,1
DA:20,1
DA:22,1
LF:12
LH:12
BRF:0
BRH:0
end_of_record
TN:
SF:routes/users/valid-user-router.js
FN:10,(anonymous_0)
FN:26,(anonymous_1)
FN:29,(anonymous_2)
FNF:3
FNH:0
FNDA:0,(anonymous_0)
FNDA:0,(anonymous_1)
FNDA:0,(anonymous_2)
DA:1,1
DA:2,1
DA:4,1
DA:10,1
DA:11,0
DA:12,0
DA:13,0
DA:15,0
DA:17,0
DA:18,0
DA:21,0
DA:25,1
DA:27,0
DA:30,0
DA:31,0
DA:33,0
LF:16
LH:5
BRDA:17,0,0,0
BRDA:17,0,1,0
BRDA:17,1,0,0
BRDA:17,1,1,0
BRDA:17,2,0,0
BRDA:17,2,1,0
BRDA:30,3,0,0
BRDA:30,3,1,0
BRF:8
BRH:0
end_of_record
